<?xml version="1.0" encoding="UTF-8"?>
<!-- Generated by org.testng.reporters.JUnitReportReporter -->
<testsuite hostname="LAPTOP-T0GNIEM2" failures="0" tests="2" name="mercuryTravels.qa.testcases.SeatBookingPageTest" time="82.132" errors="0" timestamp="25 Feb 2024 06:23:49 GMT" skipped="0">
  <testcase classname="mercuryTravels.qa.testcases.SeatBookingPageTest" name="clickOnFlights" time="38.753"/>
  <testcase classname="mercuryTravels.qa.testcases.SeatBookingPageTest" name="validateSeatPricing" time="43.379"/>
</testsuite> <!-- mercuryTravels.qa.testcases.SeatBookingPageTest -->
