<?xml version="1.0" encoding="UTF-8"?>
<!-- Generated by org.testng.reporters.JUnitReportReporter -->
<testsuite hostname="LAPTOP-T0GNIEM2" failures="0" tests="2" name="mercuryTravels.qa.testcases.FlightsAllFieldValidationPageTest" time="21.940" errors="0" timestamp="25 Feb 2024 06:23:49 GMT" skipped="0">
  <testcase classname="mercuryTravels.qa.testcases.FlightsAllFieldValidationPageTest" name="validateDifferentTypeOfSeat" time="16.314"/>
  <testcase classname="mercuryTravels.qa.testcases.FlightsAllFieldValidationPageTest" name="validateFlightField" time="5.626"/>
</testsuite> <!-- mercuryTravels.qa.testcases.FlightsAllFieldValidationPageTest -->
