<?xml version="1.0" encoding="UTF-8"?>
<!-- Generated by org.testng.reporters.JUnitReportReporter -->
<testsuite hostname="LAPTOP-T0GNIEM2" failures="0" tests="6" name="mercuryTravels.qa.testcases.LoginPageTest" time="37.603" errors="0" timestamp="25 Feb 2024 06:23:49 GMT" skipped="0">
  <testcase classname="mercuryTravels.qa.testcases.LoginPageTest" name="loginPageTest" time="3.654"/>
  <testcase classname="mercuryTravels.qa.testcases.LoginPageTest" name="invalidPassword" time="9.936"/>
  <testcase classname="mercuryTravels.qa.testcases.LoginPageTest" name="loginWithoutAnyDetails" time="3.261"/>
  <testcase classname="mercuryTravels.qa.testcases.LoginPageTest" name="loginPageTitleTest" time="4.680"/>
  <testcase classname="mercuryTravels.qa.testcases.LoginPageTest" name="validUsernameAndValidPassword" time="10.118"/>
  <testcase classname="mercuryTravels.qa.testcases.LoginPageTest" name="invalidUsername" time="5.954"/>
</testsuite> <!-- mercuryTravels.qa.testcases.LoginPageTest -->
